<?xml version="1.0" encoding="UTF-8"?>
<!-- Generated by org.testng.reporters.JUnitXMLReporter -->
<testsuite ignored="0" hostname="DESKTOP-DO2DJUN" failures="2" tests="4" name="Surefire test" time="140.703" errors="0" timestamp="17 Mar 2024 22:04:51 GMT">
  <testcase classname="AutomationTesting.tests.SubmitOrderTest" name="submitOrder" time="7.771"/>
  <testcase classname="AutomationTesting.tests.ErrorValidationsTest" name="loginErrorValidation" time="29.557">
    <skipped/>
  </testcase> <!-- loginErrorValidation -->
  <testcase classname="AutomationTesting.tests.ErrorValidationsTest" name="loginErrorValidation" time="29.448">
    <failure type="java.lang.AssertionError" message="expected [Incorrect email or password.] but found [Incorrect email or password]">
      <![CDATA[java.lang.AssertionError: expected [Incorrect email or password.] but found [Incorrect email or password]
at AutomationTesting.tests.ErrorValidationsTest.loginErrorValidation(ErrorValidationsTest.java:19)
... Removed 36 stack frames]]>
    </failure>
  </testcase> <!-- loginErrorValidation -->
  <testcase classname="AutomationTesting.tests.SubmitOrderTest" name="orderHistory" time="0.954">
    <failure type="java.lang.NullPointerException">
      <![CDATA[java.lang.NullPointerException
at org.openqa.selenium.support.pagefactory.DefaultElementLocator.findElements(DefaultElementLocator.java:83)
at org.openqa.selenium.support.pagefactory.internal.LocatingElementListHandler.invoke(LocatingElementListHandler.java:36)
at com.sun.proxy.$Proxy12.stream(Unknown Source)
at AutomationTesting.AbstractComponents.OrderPage.verifyOrderDispaly(OrderPage.java:23)
at AutomationTesting.tests.SubmitOrderTest.orderHistory(SubmitOrderTest.java:56)
... Removed 30 stack frames]]>
    </failure>
  </testcase> <!-- orderHistory -->
</testsuite> <!-- Surefire test -->
